<?xml version="1.0" encoding="UTF-8"?>
<!-- Generated by org.testng.reporters.JUnitReportReporter -->
<testsuite skipped="0" hostname="5CD6474QH2" name="SiebelTestingAction" tests="1" failures="0" timestamp="30 окт 2018 09:31:40 GMT" time="9.886" errors="0">
  <testcase name="testingAction" time="9.886" classname="SiebelTestingAction"/>
</testsuite> <!-- SiebelTestingAction -->
