<?xml version="1.0" encoding="UTF-8"?>
<!-- Generated by org.testng.reporters.JUnitReportReporter -->
<testsuite skipped="0" hostname="5CD6474QH2" name="SiebelTesting" tests="1" failures="0" timestamp="30 окт 2018 09:31:40 GMT" time="8.573" errors="0">
  <testcase name="login" time="8.573" classname="SiebelTesting"/>
</testsuite> <!-- SiebelTesting -->
